[2026-05-11 21:56:03] | [INFO] | Generating RSA Keypair for Peer 0...
[2026-05-11 21:56:03] | [INFO] | Initiating automatic Out-of-band Public Key Exchange via Discovery Port...
[2026-05-11 21:56:03] | [INFO] | [BOOTSTRAP Stage 1] Listening on Discovery Port 5000
[2026-05-11 21:56:38] | [INFO] | Initiating automatic Out-of-band Public Key Exchange via Discovery Port...
[2026-05-11 21:56:38] | [INFO] | [BOOTSTRAP Stage 1] Listening on Discovery Port 5000
[2026-05-11 21:56:51] | [INFO] | Initiating automatic Out-of-band Public Key Exchange via Discovery Port...
[2026-05-11 21:56:51] | [CRITICAL] | Bootstrap sequence failed: [Errno 98] Address already in use
[2026-05-11 21:57:04] | [INFO] | Initiating automatic Out-of-band Public Key Exchange via Discovery Port...
[2026-05-11 21:57:04] | [CRITICAL] | Bootstrap sequence failed: [Errno 98] Address already in use
[2026-05-12 12:54:02] | [INFO] | Generating RSA Keypair for Peer 0...
[2026-05-12 12:54:02] | [INFO] | Initiating automatic Out-of-band Public Key Exchange via Discovery Port...
[2026-05-12 12:54:02] | [INFO] | [BOOTSTRAP Stage 1] Listening on Discovery Port 5000
[2026-05-12 12:54:06] | [INFO] | [BOOTSTRAP Stage 1] Received dynamic bootstrap port: 16976 and Dialer's Public Key
[2026-05-12 12:54:06] | [INFO] | [BOOTSTRAP Stage 2] Listening for encrypted parameters on 16976...
[2026-05-12 12:54:07] | [INFO] | [BOOTSTRAP Stage 2] Successfully decrypted Bootstrap Parameters.
[2026-05-12 12:54:07] | [INFO] | Bootstrap complete. Params: {'timing_interval': 10, 'port_range_min': 20000, 'port_range_max': 30000, 'bootstrap_input_count': 5, 'epoch': 1778579680.1535838}
[2026-05-12 12:54:07] | [INFO] | Waiting 33.07 seconds for synchronization epoch...
[2026-05-12 12:54:40] | [INFO] | Starting Communication Controller...
[2026-05-12 12:54:40] | [INFO] | Interval Reached. Step: 0 | Role: DIALER | Proto: TCP | Target Port: 24790
[2026-05-12 12:54:40] | [INFO] | Web UI started at http://localhost:8080
[2026-05-12 12:54:40] | [INFO] | Chat Interface Started. Ready for Input.
[2026-05-12 12:54:50] | [INFO] | Interval Reached. Step: 1 | Role: DIALER | Proto: UDP | Target Port: 25346
[2026-05-12 12:54:54] | [INFO] | [UDP] Packet dispatched to 10.238.28.137:25346
[2026-05-12 12:55:00] | [INFO] | Interval Reached. Step: 2 | Role: LISTENER | Proto: UDP | Target Port: 21010
[2026-05-12 12:55:01] | [INFO] | [UDP] Packet dispatched to 10.238.28.137:21011
[2026-05-12 12:55:10] | [INFO] | Interval Reached. Step: 3 | Role: DIALER | Proto: UDP | Target Port: 23035
[2026-05-12 12:55:20] | [INFO] | Interval Reached. Step: 4 | Role: DIALER | Proto: UDP | Target Port: 27635
[2026-05-12 12:55:30] | [INFO] | Interval Reached. Step: 5 | Role: LISTENER | Proto: UDP | Target Port: 26866
[2026-05-12 12:55:37] | [INFO] | [UDP] Packet dispatched to 10.238.28.137:26867
[2026-05-12 12:55:40] | [INFO] | Interval Reached. Step: 6 | Role: LISTENER | Proto: TCP | Target Port: 21641
[2026-05-12 12:55:50] | [INFO] | Interval Reached. Step: 7 | Role: DIALER | Proto: UDP | Target Port: 24570
[2026-05-12 12:56:00] | [INFO] | Interval Reached. Step: 8 | Role: DIALER | Proto: TCP | Target Port: 20679
[2026-05-12 12:56:10] | [INFO] | Interval Reached. Step: 9 | Role: DIALER | Proto: TCP | Target Port: 24912
[2026-05-12 12:56:20] | [INFO] | Interval Reached. Step: 10 | Role: LISTENER | Proto: TCP | Target Port: 22217
[2026-05-12 12:56:30] | [INFO] | Interval Reached. Step: 11 | Role: DIALER | Proto: UDP | Target Port: 21280
[2026-05-12 12:56:40] | [INFO] | Interval Reached. Step: 12 | Role: LISTENER | Proto: TCP | Target Port: 24668
[2026-05-12 12:56:50] | [INFO] | Interval Reached. Step: 13 | Role: DIALER | Proto: TCP | Target Port: 27847
[2026-05-12 12:57:00] | [INFO] | Interval Reached. Step: 14 | Role: DIALER | Proto: TCP | Target Port: 26015
[2026-05-12 12:57:08] | [INFO] | Shutting down...
[2026-05-12 12:58:46] | [INFO] | Initiating automatic Out-of-band Public Key Exchange via Discovery Port...
[2026-05-12 12:58:46] | [INFO] | [BOOTSTRAP Stage 1] Listening on Discovery Port 5000
[2026-05-12 12:58:47] | [INFO] | [BOOTSTRAP Stage 1] Received dynamic bootstrap port: 15321 and Dialer's Public Key
[2026-05-12 12:58:47] | [INFO] | [BOOTSTRAP Stage 2] Listening for encrypted parameters on 15321...
[2026-05-12 12:58:47] | [INFO] | [BOOTSTRAP Stage 2] Successfully decrypted Bootstrap Parameters.
[2026-05-12 12:58:47] | [INFO] | Bootstrap complete. Params: {'timing_interval': 10, 'port_range_min': 20000, 'port_range_max': 30000, 'bootstrap_input_count': 5, 'epoch': 1778579961.21715}
[2026-05-12 12:58:47] | [INFO] | Waiting 33.30 seconds for synchronization epoch...
[2026-05-12 12:59:21] | [INFO] | Starting Communication Controller...
[2026-05-12 12:59:21] | [INFO] | Interval Reached. Step: 0 | Role: DIALER | Proto: UDP | Target Port: 23800
[2026-05-12 12:59:21] | [INFO] | Web UI started at http://localhost:8080
[2026-05-12 12:59:21] | [INFO] | Chat Interface Started. Ready for Input.
[2026-05-12 12:59:31] | [INFO] | Interval Reached. Step: 1 | Role: DIALER | Proto: UDP | Target Port: 29870
[2026-05-12 12:59:41] | [INFO] | Interval Reached. Step: 2 | Role: DIALER | Proto: UDP | Target Port: 27421
[2026-05-12 12:59:41] | [INFO] | [UDP] Packet dispatched to 10.193.91.137:27421
[2026-05-12 12:59:51] | [INFO] | Interval Reached. Step: 3 | Role: LISTENER | Proto: TCP | Target Port: 26086
[2026-05-12 13:00:01] | [INFO] | Interval Reached. Step: 4 | Role: DIALER | Proto: UDP | Target Port: 23520
[2026-05-12 13:00:11] | [INFO] | Interval Reached. Step: 5 | Role: LISTENER | Proto: TCP | Target Port: 24479
[2026-05-12 13:00:21] | [INFO] | Interval Reached. Step: 6 | Role: DIALER | Proto: TCP | Target Port: 23658
[2026-05-12 13:00:31] | [INFO] | Interval Reached. Step: 7 | Role: LISTENER | Proto: UDP | Target Port: 23931
[2026-05-12 13:00:41] | [INFO] | Interval Reached. Step: 8 | Role: LISTENER | Proto: TCP | Target Port: 22643
[2026-05-12 13:00:51] | [INFO] | Interval Reached. Step: 9 | Role: DIALER | Proto: UDP | Target Port: 27152
[2026-05-12 13:01:01] | [INFO] | Interval Reached. Step: 10 | Role: LISTENER | Proto: TCP | Target Port: 24673
[2026-05-12 13:01:11] | [INFO] | Interval Reached. Step: 11 | Role: DIALER | Proto: UDP | Target Port: 20597
[2026-05-12 13:01:21] | [INFO] | Interval Reached. Step: 12 | Role: LISTENER | Proto: UDP | Target Port: 23237
[2026-05-12 13:01:31] | [INFO] | Interval Reached. Step: 13 | Role: DIALER | Proto: UDP | Target Port: 23906
[2026-05-12 13:01:41] | [INFO] | Interval Reached. Step: 14 | Role: DIALER | Proto: UDP | Target Port: 20068
[2026-05-12 13:01:51] | [INFO] | Interval Reached. Step: 15 | Role: LISTENER | Proto: UDP | Target Port: 22014
[2026-05-12 13:02:01] | [INFO] | Interval Reached. Step: 16 | Role: LISTENER | Proto: TCP | Target Port: 22989
[2026-05-12 13:02:11] | [INFO] | Interval Reached. Step: 17 | Role: DIALER | Proto: UDP | Target Port: 25044
[2026-05-12 13:02:21] | [INFO] | Interval Reached. Step: 18 | Role: LISTENER | Proto: UDP | Target Port: 23797
[2026-05-12 13:02:31] | [INFO] | Interval Reached. Step: 19 | Role: DIALER | Proto: UDP | Target Port: 29007
[2026-05-12 13:02:41] | [INFO] | Interval Reached. Step: 20 | Role: LISTENER | Proto: UDP | Target Port: 25263
[2026-05-12 13:02:51] | [INFO] | Interval Reached. Step: 21 | Role: DIALER | Proto: TCP | Target Port: 21312
[2026-05-12 13:03:01] | [INFO] | Interval Reached. Step: 22 | Role: LISTENER | Proto: TCP | Target Port: 20803
[2026-05-12 13:03:11] | [INFO] | Interval Reached. Step: 23 | Role: DIALER | Proto: UDP | Target Port: 27302
[2026-05-12 13:03:18] | [INFO] | [UDP] Packet dispatched to 10.193.91.137:27302
[2026-05-12 13:03:21] | [INFO] | Interval Reached. Step: 24 | Role: LISTENER | Proto: UDP | Target Port: 26685
[2026-05-12 13:03:31] | [INFO] | Interval Reached. Step: 25 | Role: DIALER | Proto: UDP | Target Port: 29346
[2026-05-12 13:03:41] | [INFO] | Interval Reached. Step: 26 | Role: LISTENER | Proto: TCP | Target Port: 22623
[2026-05-12 13:03:51] | [INFO] | Interval Reached. Step: 27 | Role: LISTENER | Proto: TCP | Target Port: 20809
[2026-05-12 13:04:01] | [INFO] | Interval Reached. Step: 28 | Role: DIALER | Proto: UDP | Target Port: 28369
[2026-05-12 13:04:01] | [INFO] | [UDP] Packet dispatched to 10.193.91.137:28369
[2026-05-12 13:04:01] | [INFO] | [UDP] Packet dispatched to 10.193.91.137:28369
[2026-05-12 13:04:01] | [INFO] | [UDP] Packet dispatched to 10.193.91.137:28369
[2026-05-12 13:04:01] | [INFO] | [UDP] Packet dispatched to 10.193.91.137:28369
[2026-05-12 13:04:11] | [INFO] | Interval Reached. Step: 29 | Role: DIALER | Proto: TCP | Target Port: 28820
[2026-05-12 13:04:21] | [INFO] | Interval Reached. Step: 30 | Role: LISTENER | Proto: TCP | Target Port: 26790
[2026-05-12 13:04:31] | [INFO] | Interval Reached. Step: 31 | Role: LISTENER | Proto: TCP | Target Port: 26577
[2026-05-12 13:04:41] | [INFO] | Interval Reached. Step: 32 | Role: DIALER | Proto: TCP | Target Port: 23656
[2026-05-12 13:04:51] | [INFO] | Interval Reached. Step: 33 | Role: DIALER | Proto: UDP | Target Port: 29487
[2026-05-12 13:05:01] | [INFO] | Interval Reached. Step: 34 | Role: LISTENER | Proto: UDP | Target Port: 20483
[2026-05-12 13:05:11] | [INFO] | Interval Reached. Step: 35 | Role: LISTENER | Proto: UDP | Target Port: 26467
[2026-05-12 13:05:21] | [INFO] | Interval Reached. Step: 36 | Role: DIALER | Proto: UDP | Target Port: 21106
[2026-05-12 13:05:31] | [INFO] | Interval Reached. Step: 37 | Role: DIALER | Proto: TCP | Target Port: 27438
[2026-05-12 13:05:33] | [INFO] | Shutting down...
[2026-05-12 13:05:51] | [INFO] | Generating RSA Keypair for Peer 1...
[2026-05-12 13:05:51] | [INFO] | Initiating automatic Out-of-band Public Key Exchange via Discovery Port...
[2026-05-12 13:05:51] | [INFO] | [BOOTSTRAP Stage 1] Sent dynamic bootstrap port: 16530 and received Listener's Public Key
[2026-05-12 13:05:52] | [INFO] | [BOOTSTRAP Stage 2] Payload acknowledged by Listener.
[2026-05-12 13:05:52] | [INFO] | Bootstrap complete. Params: {'timing_interval': 10, 'port_range_min': 20000, 'port_range_max': 30000, 'bootstrap_input_count': 5, 'epoch': 1778580356.5335388}
[2026-05-12 13:05:52] | [INFO] | Waiting 4.46 seconds for synchronization epoch...
[2026-05-12 13:05:56] | [INFO] | Starting Communication Controller...
[2026-05-12 13:05:56] | [INFO] | Interval Reached. Step: 0 | Role: LISTENER | Proto: UDP | Target Port: 24756
[2026-05-12 13:05:56] | [INFO] | Web UI started at http://localhost:8080
[2026-05-12 13:05:56] | [INFO] | Chat Interface Started. Ready for Input.
[2026-05-12 13:06:05] | [INFO] | [UDP] Packet dispatched to 10.193.91.137:24757
[2026-05-12 13:06:06] | [INFO] | Interval Reached. Step: 1 | Role: LISTENER | Proto: TCP | Target Port: 27456
[2026-05-12 13:06:16] | [INFO] | Interval Reached. Step: 2 | Role: DIALER | Proto: TCP | Target Port: 23813
[2026-05-12 13:06:26] | [INFO] | Interval Reached. Step: 3 | Role: DIALER | Proto: TCP | Target Port: 27372
[2026-05-12 13:06:36] | [INFO] | Interval Reached. Step: 4 | Role: LISTENER | Proto: TCP | Target Port: 28239
[2026-05-12 13:06:47] | [INFO] | Interval Reached. Step: 5 | Role: DIALER | Proto: TCP | Target Port: 29611
[2026-05-12 13:06:57] | [INFO] | Interval Reached. Step: 6 | Role: DIALER | Proto: UDP | Target Port: 21164
[2026-05-12 13:07:06] | [INFO] | Interval Reached. Step: 7 | Role: DIALER | Proto: UDP | Target Port: 20664
[2026-05-12 13:07:16] | [INFO] | Interval Reached. Step: 8 | Role: DIALER | Proto: TCP | Target Port: 23752
[2026-05-12 13:07:26] | [INFO] | Interval Reached. Step: 9 | Role: DIALER | Proto: UDP | Target Port: 28713
[2026-05-12 13:07:36] | [INFO] | Interval Reached. Step: 10 | Role: LISTENER | Proto: TCP | Target Port: 29924
[2026-05-12 13:07:46] | [INFO] | Interval Reached. Step: 11 | Role: LISTENER | Proto: UDP | Target Port: 28464
[2026-05-12 13:07:56] | [INFO] | Interval Reached. Step: 12 | Role: LISTENER | Proto: UDP | Target Port: 29050
[2026-05-12 13:08:06] | [INFO] | Interval Reached. Step: 13 | Role: DIALER | Proto: UDP | Target Port: 28686
[2026-05-12 13:08:16] | [INFO] | Interval Reached. Step: 14 | Role: DIALER | Proto: UDP | Target Port: 20790
[2026-05-12 13:08:26] | [INFO] | Interval Reached. Step: 15 | Role: LISTENER | Proto: UDP | Target Port: 28030
[2026-05-12 13:08:36] | [INFO] | Interval Reached. Step: 16 | Role: DIALER | Proto: TCP | Target Port: 23675
[2026-05-12 13:08:46] | [INFO] | Interval Reached. Step: 17 | Role: DIALER | Proto: TCP | Target Port: 20643
[2026-05-12 13:08:56] | [INFO] | Interval Reached. Step: 18 | Role: LISTENER | Proto: UDP | Target Port: 27356
[2026-05-12 13:09:06] | [INFO] | Interval Reached. Step: 19 | Role: DIALER | Proto: UDP | Target Port: 28099
[2026-05-12 13:09:16] | [INFO] | Interval Reached. Step: 20 | Role: LISTENER | Proto: TCP | Target Port: 24548
[2026-05-12 13:09:26] | [INFO] | Interval Reached. Step: 21 | Role: LISTENER | Proto: TCP | Target Port: 27952
[2026-05-12 13:09:37] | [INFO] | Interval Reached. Step: 22 | Role: DIALER | Proto: UDP | Target Port: 27793
[2026-05-12 13:09:44] | [INFO] | Shutting down...
[2026-05-12 13:22:35] | [INFO] | Initiating automatic Out-of-band Public Key Exchange via Discovery Port...
[2026-05-12 13:22:35] | [INFO] | [BOOTSTRAP Stage 1] Sent dynamic bootstrap port: 17722 and received Listener's Public Key
[2026-05-12 13:22:36] | [INFO] | [BOOTSTRAP Stage 2] Payload acknowledged by Listener.
[2026-05-12 13:22:36] | [INFO] | Bootstrap complete. Params: {'timing_interval': 10, 'port_range_min': 20000, 'port_range_max': 30000, 'bootstrap_input_count': 5, 'start_delay': 5.0}
[2026-05-12 13:22:36] | [INFO] | Waiting 4.90 seconds for synchronized startup...
[2026-05-12 13:22:41] | [INFO] | Starting Communication Controller...
[2026-05-12 13:22:41] | [INFO] | Interval Reached. Step: 0 | Role: LISTENER | Proto: UDP | Target Port: 24680
[2026-05-12 13:22:41] | [INFO] | Web UI started at http://localhost:8080
[2026-05-12 13:22:41] | [INFO] | Chat Interface Started. Ready for Input.
[2026-05-12 13:22:51] | [INFO] | Interval Reached. Step: 1 | Role: LISTENER | Proto: UDP | Target Port: 27169
[2026-05-12 13:23:01] | [INFO] | Interval Reached. Step: 2 | Role: LISTENER | Proto: UDP | Target Port: 27123
[2026-05-12 13:23:11] | [INFO] | Interval Reached. Step: 3 | Role: LISTENER | Proto: UDP | Target Port: 29048
[2026-05-12 13:23:21] | [INFO] | Interval Reached. Step: 4 | Role: LISTENER | Proto: TCP | Target Port: 26479
[2026-05-12 13:23:31] | [INFO] | Interval Reached. Step: 5 | Role: LISTENER | Proto: UDP | Target Port: 22029
[2026-05-12 13:23:41] | [INFO] | Shutting down...
[2026-05-12 13:23:43] | [INFO] | Initiating automatic Out-of-band Public Key Exchange via Discovery Port...
[2026-05-12 13:23:43] | [INFO] | [BOOTSTRAP Stage 1] Sent dynamic bootstrap port: 15356 and received Listener's Public Key
[2026-05-12 13:23:43] | [INFO] | [BOOTSTRAP Stage 2] Payload acknowledged by Listener.
[2026-05-12 13:23:43] | [INFO] | Bootstrap complete. Params: {'timing_interval': 10, 'port_range_min': 20000, 'port_range_max': 30000, 'bootstrap_input_count': 5, 'start_delay': 5.0}
[2026-05-12 13:23:43] | [INFO] | Waiting 5.00 seconds for synchronized startup...
[2026-05-12 13:23:48] | [INFO] | Starting Communication Controller...
[2026-05-12 13:23:48] | [INFO] | Interval Reached. Step: 0 | Role: LISTENER | Proto: UDP | Target Port: 24680
[2026-05-12 13:23:48] | [INFO] | Web UI started at http://localhost:8080
[2026-05-12 13:23:48] | [INFO] | Chat Interface Started. Ready for Input.
[2026-05-12 13:23:55] | [INFO] | Shutting down...
[2026-05-12 13:24:06] | [INFO] | Initiating automatic Out-of-band Public Key Exchange via Discovery Port...
[2026-05-12 13:24:06] | [INFO] | [BOOTSTRAP Stage 1] Listening on Discovery Port 5000
[2026-05-12 13:24:09] | [INFO] | [BOOTSTRAP Stage 1] Received dynamic bootstrap port: 11832 and Dialer's Public Key
[2026-05-12 13:24:09] | [INFO] | [BOOTSTRAP Stage 2] Listening for encrypted parameters on 11832...
[2026-05-12 13:24:10] | [CRITICAL] | Bootstrap sequence failed: Decryption failed
[2026-05-12 13:26:16] | [INFO] | Synchronized public key from private key for Peer 0.
[2026-05-12 13:26:16] | [INFO] | Initiating automatic Out-of-band Public Key Exchange via Discovery Port...
[2026-05-12 13:26:16] | [INFO] | [BOOTSTRAP Stage 1] Listening on Discovery Port 5000
[2026-05-12 13:26:20] | [INFO] | [BOOTSTRAP Stage 1] Received dynamic bootstrap port: 19431 and Dialer's Public Key
[2026-05-12 13:26:20] | [INFO] | [BOOTSTRAP Stage 2] Listening for encrypted parameters on 19431...
[2026-05-12 13:26:21] | [INFO] | [BOOTSTRAP Stage 2] Successfully decrypted Bootstrap Parameters.
[2026-05-12 13:26:21] | [INFO] | Bootstrap complete. Params: {'timing_interval': 10, 'port_range_min': 20000, 'port_range_max': 30000, 'bootstrap_input_count': 5, 'start_delay': 5.0}
[2026-05-12 13:26:21] | [INFO] | Waiting 5.00 seconds for synchronized startup...
[2026-05-12 13:26:26] | [INFO] | Starting Communication Controller...
[2026-05-12 13:26:26] | [INFO] | Interval Reached. Step: 0 | Role: DIALER | Proto: UDP | Target Port: 24680
[2026-05-12 13:26:26] | [INFO] | Web UI started at http://localhost:8080
[2026-05-12 13:26:26] | [INFO] | Chat Interface Started. Ready for Input.
[2026-05-12 13:26:32] | [INFO] | [UDP] Packet dispatched to 10.193.91.137:24680
[2026-05-12 13:26:36] | [INFO] | Interval Reached. Step: 1 | Role: DIALER | Proto: UDP | Target Port: 27169
[2026-05-12 13:26:42] | [INFO] | [UDP] Packet dispatched to 10.193.91.137:27169
[2026-05-12 13:26:46] | [INFO] | Interval Reached. Step: 2 | Role: DIALER | Proto: UDP | Target Port: 27123
[2026-05-12 13:26:51] | [INFO] | [UDP] Packet dispatched to 10.193.91.137:27123
[2026-05-12 13:26:56] | [INFO] | Interval Reached. Step: 3 | Role: DIALER | Proto: UDP | Target Port: 29048
[2026-05-12 13:27:02] | [INFO] | [UDP] Packet dispatched to 10.193.91.137:29048
[2026-05-12 13:27:06] | [INFO] | Interval Reached. Step: 4 | Role: DIALER | Proto: UDP | Target Port: 26479
[2026-05-12 13:27:16] | [INFO] | Interval Reached. Step: 5 | Role: DIALER | Proto: UDP | Target Port: 22029
[2026-05-12 13:27:26] | [INFO] | Interval Reached. Step: 6 | Role: LISTENER | Proto: TCP | Target Port: 24563
[2026-05-12 13:27:26] | [INFO] | [TCP] Re-handshake successful on port 24563
[2026-05-12 13:27:36] | [INFO] | Interval Reached. Step: 7 | Role: LISTENER | Proto: UDP | Target Port: 27313
[2026-05-12 13:27:46] | [INFO] | Interval Reached. Step: 8 | Role: DIALER | Proto: UDP | Target Port: 26394
[2026-05-12 13:27:56] | [INFO] | Interval Reached. Step: 9 | Role: DIALER | Proto: UDP | Target Port: 23099
[2026-05-12 13:28:06] | [INFO] | Interval Reached. Step: 10 | Role: DIALER | Proto: UDP | Target Port: 21776
[2026-05-12 13:28:14] | [INFO] | [UDP] Packet dispatched to 10.193.91.137:21776
[2026-05-12 13:28:16] | [INFO] | Interval Reached. Step: 11 | Role: DIALER | Proto: UDP | Target Port: 22035
[2026-05-12 13:28:26] | [INFO] | Interval Reached. Step: 12 | Role: DIALER | Proto: UDP | Target Port: 27448
[2026-05-12 13:28:36] | [INFO] | Interval Reached. Step: 13 | Role: DIALER | Proto: UDP | Target Port: 20103
[2026-05-12 13:28:46] | [INFO] | Interval Reached. Step: 14 | Role: DIALER | Proto: UDP | Target Port: 25596
[2026-05-12 13:28:56] | [INFO] | Interval Reached. Step: 15 | Role: LISTENER | Proto: UDP | Target Port: 21880
[2026-05-12 13:29:06] | [INFO] | Interval Reached. Step: 16 | Role: DIALER | Proto: UDP | Target Port: 22004
[2026-05-12 13:29:15] | [INFO] | [UDP] Packet dispatched to 10.193.91.137:22004
[2026-05-12 13:29:16] | [INFO] | Interval Reached. Step: 17 | Role: LISTENER | Proto: UDP | Target Port: 23155
[2026-05-12 13:29:26] | [INFO] | Interval Reached. Step: 18 | Role: LISTENER | Proto: UDP | Target Port: 21399
[2026-05-12 13:29:36] | [INFO] | Interval Reached. Step: 19 | Role: DIALER | Proto: UDP | Target Port: 26000
[2026-05-12 13:29:41] | [INFO] | [UDP] Packet dispatched to 10.193.91.137:26000
[2026-05-12 13:29:41] | [INFO] | [UDP] Packet dispatched to 10.193.91.137:26000
[2026-05-12 13:29:42] | [INFO] | [UDP] Packet dispatched to 10.193.91.137:26000
[2026-05-12 13:29:43] | [INFO] | [UDP] Packet dispatched to 10.193.91.137:26000
[2026-05-12 13:29:44] | [INFO] | [UDP] Packet dispatched to 10.193.91.137:26000
[2026-05-12 13:29:44] | [INFO] | [UDP] Packet dispatched to 10.193.91.137:26000
[2026-05-12 13:29:45] | [INFO] | [UDP] Packet dispatched to 10.193.91.137:26000
[2026-05-12 13:29:46] | [INFO] | Interval Reached. Step: 20 | Role: LISTENER | Proto: UDP | Target Port: 24603
[2026-05-12 13:29:50] | [INFO] | [UDP] Packet dispatched to 10.193.91.137:24604
[2026-05-12 13:29:56] | [INFO] | Interval Reached. Step: 21 | Role: DIALER | Proto: UDP | Target Port: 21410
[2026-05-12 13:29:56] | [INFO] | [UDP] Packet dispatched to 10.193.91.137:21410
[2026-05-12 13:30:06] | [INFO] | Interval Reached. Step: 22 | Role: DIALER | Proto: TCP | Target Port: 28958
[2026-05-12 13:30:06] | [INFO] | [TCP] Re-handshake successful on port 28958
[2026-05-12 13:30:16] | [INFO] | Interval Reached. Step: 23 | Role: LISTENER | Proto: UDP | Target Port: 24784
[2026-05-12 13:30:26] | [INFO] | Interval Reached. Step: 24 | Role: DIALER | Proto: UDP | Target Port: 21353
[2026-05-12 17:05:00] | [INFO] | Generating RSA Keypair for Peer 0...
[2026-05-12 17:05:00] | [INFO] | Initiating automatic Out-of-band Public Key Exchange via Discovery Port...
[2026-05-12 17:05:00] | [CRITICAL] | Bootstrap sequence failed: [Errno 48] Address already in use
[2026-05-12 17:15:09] | [INFO] | Synchronized public key from private key for Peer 0.
[2026-05-12 17:15:09] | [INFO] | Initiating automatic Out-of-band Public Key Exchange via Discovery Port...
[2026-05-12 17:15:09] | [INFO] | [BOOTSTRAP Stage 1] Listening on Discovery Port 55000
[2026-05-12 17:15:53] | [INFO] | Synchronized public key from private key for Peer 0.
[2026-05-12 17:15:53] | [INFO] | Initiating automatic Out-of-band Public Key Exchange via Discovery Port...
[2026-05-12 17:15:53] | [INFO] | [BOOTSTRAP Stage 1] Listening on Discovery Port 55000
[2026-05-12 17:16:24] | [INFO] | Synchronized public key from private key for Peer 0.
[2026-05-12 17:16:24] | [INFO] | Initiating automatic Out-of-band Public Key Exchange via Discovery Port...
[2026-05-12 17:16:24] | [INFO] | [BOOTSTRAP Stage 1] Listening on Discovery Port 55000
